<?xml version="1.0" encoding="UTF-8"?>
<!-- Generated by org.testng.reporters.JUnitXMLReporter -->
<testsuite hostname="hplappy" name="Default test" tests="6" failures="0" timestamp="12 Feb 2019 15:06:08 GMT" time="64.65" errors="0">
  <testcase name="test" time="18.282" classname="com.lambdatest.Tests.ParallelTest"/>
  <testcase name="test" time="18.779" classname="com.lambdatest.Tests.ParallelTest"/>
  <testcase name="test" time="19.376" classname="com.lambdatest.Tests.ParallelTest"/>
  <testcase name="test" time="32.335" classname="com.lambdatest.Tests.ParallelTest"/>
  <testcase name="test" time="34.475" classname="com.lambdatest.Tests.ParallelTest"/>
  <testcase name="test" time="53.694" classname="com.lambdatest.Tests.ParallelTest"/>
</testsuite> <!-- Default test -->
