<?xml version="1.0" encoding="UTF-8"?>
<!-- Generated by org.testng.reporters.JUnitXMLReporter -->
<testsuite hostname="hplappy" name="Default test" tests="6" failures="0" timestamp="12 Feb 2019 14:51:39 GMT" time="58.662" errors="0">
  <testcase name="test" time="20.111" classname="com.lambdatest.Tests.ParallelTest"/>
  <testcase name="test" time="20.73" classname="com.lambdatest.Tests.ParallelTest"/>
  <testcase name="test" time="21.288" classname="com.lambdatest.Tests.ParallelTest"/>
  <testcase name="test" time="29.698" classname="com.lambdatest.Tests.ParallelTest"/>
  <testcase name="test" time="31.286" classname="com.lambdatest.Tests.ParallelTest"/>
  <testcase name="test" time="47.861" classname="com.lambdatest.Tests.ParallelTest"/>
</testsuite> <!-- Default test -->
