<?xml version="1.0" encoding="UTF-8"?>
<testng-results skipped="0" failed="0" total="6" passed="6">
  <reporter-output>
  </reporter-output>
  <suite name="Default suite" duration-ms="64650" started-at="2019-02-12T15:05:04Z" finished-at="2019-02-12T15:06:08Z">
    <groups>
    </groups>
    <test name="Default test" duration-ms="64650" started-at="2019-02-12T15:05:04Z" finished-at="2019-02-12T15:06:08Z">
      <class name="com.lambdatest.Tests.ParallelTest">
        <test-method status="PASS" signature="test(java.lang.String, java.lang.String, java.lang.String, java.lang.reflect.Method)[pri:0, instance:com.lambdatest.Tests.ParallelTest@18be83e4]" name="test" duration-ms="18779" started-at="2019-02-12T20:35:04Z" data-provider="browsersDetails" finished-at="2019-02-12T20:35:22Z">
          <params>
            <param index="0">
              <value>
                <![CDATA[internet explorer]]>
              </value>
            </param>
            <param index="1">
              <value>
                <![CDATA[11.0]]>
              </value>
            </param>
            <param index="2">
              <value>
                <![CDATA[Windows 8.1]]>
              </value>
            </param>
            <param index="3">
              <value>
                <![CDATA[public void com.lambdatest.Tests.ParallelTest.test(java.lang.String,java.lang.String,java.lang.String,java.lang.reflect.Method) throws java.lang.Exception]]>
              </value>
            </param>
          </params>
          <reporter-output>
          </reporter-output>
        </test-method> <!-- test -->
        <test-method status="PASS" signature="test(java.lang.String, java.lang.String, java.lang.String, java.lang.reflect.Method)[pri:0, instance:com.lambdatest.Tests.ParallelTest@18be83e4]" name="test" duration-ms="18282" started-at="2019-02-12T20:35:04Z" data-provider="browsersDetails" finished-at="2019-02-12T20:35:22Z">
          <params>
            <param index="0">
              <value>
                <![CDATA[chrome]]>
              </value>
            </param>
            <param index="1">
              <value>
                <![CDATA[60.0]]>
              </value>
            </param>
            <param index="2">
              <value>
                <![CDATA[Windows 8.1]]>
              </value>
            </param>
            <param index="3">
              <value>
                <![CDATA[public void com.lambdatest.Tests.ParallelTest.test(java.lang.String,java.lang.String,java.lang.String,java.lang.reflect.Method) throws java.lang.Exception]]>
              </value>
            </param>
          </params>
          <reporter-output>
          </reporter-output>
        </test-method> <!-- test -->
        <test-method status="PASS" signature="test(java.lang.String, java.lang.String, java.lang.String, java.lang.reflect.Method)[pri:0, instance:com.lambdatest.Tests.ParallelTest@18be83e4]" name="test" duration-ms="19376" started-at="2019-02-12T20:35:04Z" data-provider="browsersDetails" finished-at="2019-02-12T20:35:23Z">
          <params>
            <param index="0">
              <value>
                <![CDATA[firefox]]>
              </value>
            </param>
            <param index="1">
              <value>
                <![CDATA[60.0]]>
              </value>
            </param>
            <param index="2">
              <value>
                <![CDATA[Windows 8.1]]>
              </value>
            </param>
            <param index="3">
              <value>
                <![CDATA[public void com.lambdatest.Tests.ParallelTest.test(java.lang.String,java.lang.String,java.lang.String,java.lang.reflect.Method) throws java.lang.Exception]]>
              </value>
            </param>
          </params>
          <reporter-output>
          </reporter-output>
        </test-method> <!-- test -->
        <test-method status="PASS" signature="test(java.lang.String, java.lang.String, java.lang.String, java.lang.reflect.Method)[pri:0, instance:com.lambdatest.Tests.ParallelTest@18be83e4]" name="test" duration-ms="32335" started-at="2019-02-12T20:35:04Z" data-provider="browsersDetails" finished-at="2019-02-12T20:35:36Z">
          <params>
            <param index="0">
              <value>
                <![CDATA[Safari]]>
              </value>
            </param>
            <param index="1">
              <value>
                <![CDATA[11.0]]>
              </value>
            </param>
            <param index="2">
              <value>
                <![CDATA[macOS High Sierra]]>
              </value>
            </param>
            <param index="3">
              <value>
                <![CDATA[public void com.lambdatest.Tests.ParallelTest.test(java.lang.String,java.lang.String,java.lang.String,java.lang.reflect.Method) throws java.lang.Exception]]>
              </value>
            </param>
          </params>
          <reporter-output>
          </reporter-output>
        </test-method> <!-- test -->
        <test-method status="PASS" signature="test(java.lang.String, java.lang.String, java.lang.String, java.lang.reflect.Method)[pri:0, instance:com.lambdatest.Tests.ParallelTest@18be83e4]" name="test" duration-ms="53694" started-at="2019-02-12T20:35:04Z" data-provider="browsersDetails" finished-at="2019-02-12T20:35:57Z">
          <params>
            <param index="0">
              <value>
                <![CDATA[chrome]]>
              </value>
            </param>
            <param index="1">
              <value>
                <![CDATA[69.0]]>
              </value>
            </param>
            <param index="2">
              <value>
                <![CDATA[OS X El Capitan]]>
              </value>
            </param>
            <param index="3">
              <value>
                <![CDATA[public void com.lambdatest.Tests.ParallelTest.test(java.lang.String,java.lang.String,java.lang.String,java.lang.reflect.Method) throws java.lang.Exception]]>
              </value>
            </param>
          </params>
          <reporter-output>
          </reporter-output>
        </test-method> <!-- test -->
        <test-method status="PASS" signature="test(java.lang.String, java.lang.String, java.lang.String, java.lang.reflect.Method)[pri:0, instance:com.lambdatest.Tests.ParallelTest@18be83e4]" name="test" duration-ms="34475" started-at="2019-02-12T20:35:04Z" data-provider="browsersDetails" finished-at="2019-02-12T20:35:38Z">
          <params>
            <param index="0">
              <value>
                <![CDATA[chrome]]>
              </value>
            </param>
            <param index="1">
              <value>
                <![CDATA[67.0]]>
              </value>
            </param>
            <param index="2">
              <value>
                <![CDATA[OS X Mavericks]]>
              </value>
            </param>
            <param index="3">
              <value>
                <![CDATA[public void com.lambdatest.Tests.ParallelTest.test(java.lang.String,java.lang.String,java.lang.String,java.lang.reflect.Method) throws java.lang.Exception]]>
              </value>
            </param>
          </params>
          <reporter-output>
          </reporter-output>
        </test-method> <!-- test -->
        <test-method status="PASS" signature="tearDown(org.testng.ITestResult)[pri:0, instance:com.lambdatest.Tests.ParallelTest@18be83e4]" name="tearDown" is-config="true" duration-ms="10898" started-at="2019-02-12T20:35:22Z" finished-at="2019-02-12T20:35:33Z">
          <params>
            <param index="0">
              <value>
                <![CDATA[[TestResult name=test status=SUCCESS method=ParallelTest.test(java.lang.String, java.lang.String, java.lang.String, java.lang.reflect.Method)[pri:0, instance:com.lambdatest.Tests.ParallelTest@18be83e4] output={null}]]]>
              </value>
            </param>
          </params>
          <reporter-output>
          </reporter-output>
        </test-method> <!-- tearDown -->
        <test-method status="PASS" signature="tearDown(org.testng.ITestResult)[pri:0, instance:com.lambdatest.Tests.ParallelTest@18be83e4]" name="tearDown" is-config="true" duration-ms="10919" started-at="2019-02-12T20:35:22Z" finished-at="2019-02-12T20:35:33Z">
          <params>
            <param index="0">
              <value>
                <![CDATA[[TestResult name=test status=SUCCESS method=ParallelTest.test(java.lang.String, java.lang.String, java.lang.String, java.lang.reflect.Method)[pri:0, instance:com.lambdatest.Tests.ParallelTest@18be83e4] output={null}]]]>
              </value>
            </param>
          </params>
          <reporter-output>
          </reporter-output>
        </test-method> <!-- tearDown -->
        <test-method status="PASS" signature="tearDown(org.testng.ITestResult)[pri:0, instance:com.lambdatest.Tests.ParallelTest@18be83e4]" name="tearDown" is-config="true" duration-ms="11501" started-at="2019-02-12T20:35:23Z" finished-at="2019-02-12T20:35:35Z">
          <params>
            <param index="0">
              <value>
                <![CDATA[[TestResult name=test status=SUCCESS method=ParallelTest.test(java.lang.String, java.lang.String, java.lang.String, java.lang.reflect.Method)[pri:0, instance:com.lambdatest.Tests.ParallelTest@18be83e4] output={null}]]]>
              </value>
            </param>
          </params>
          <reporter-output>
          </reporter-output>
        </test-method> <!-- tearDown -->
        <test-method status="PASS" signature="tearDown(org.testng.ITestResult)[pri:0, instance:com.lambdatest.Tests.ParallelTest@18be83e4]" name="tearDown" is-config="true" duration-ms="10749" started-at="2019-02-12T20:35:36Z" finished-at="2019-02-12T20:35:47Z">
          <params>
            <param index="0">
              <value>
                <![CDATA[[TestResult name=test status=SUCCESS method=ParallelTest.test(java.lang.String, java.lang.String, java.lang.String, java.lang.reflect.Method)[pri:0, instance:com.lambdatest.Tests.ParallelTest@18be83e4] output={null}]]]>
              </value>
            </param>
          </params>
          <reporter-output>
          </reporter-output>
        </test-method> <!-- tearDown -->
        <test-method status="PASS" signature="tearDown(org.testng.ITestResult)[pri:0, instance:com.lambdatest.Tests.ParallelTest@18be83e4]" name="tearDown" is-config="true" duration-ms="10792" started-at="2019-02-12T20:35:38Z" finished-at="2019-02-12T20:35:49Z">
          <params>
            <param index="0">
              <value>
                <![CDATA[[TestResult name=test status=SUCCESS method=ParallelTest.test(java.lang.String, java.lang.String, java.lang.String, java.lang.reflect.Method)[pri:0, instance:com.lambdatest.Tests.ParallelTest@18be83e4] output={null}]]]>
              </value>
            </param>
          </params>
          <reporter-output>
          </reporter-output>
        </test-method> <!-- tearDown -->
        <test-method status="PASS" signature="tearDown(org.testng.ITestResult)[pri:0, instance:com.lambdatest.Tests.ParallelTest@18be83e4]" name="tearDown" is-config="true" duration-ms="10863" started-at="2019-02-12T20:35:57Z" finished-at="2019-02-12T20:36:08Z">
          <params>
            <param index="0">
              <value>
                <![CDATA[[TestResult name=test status=SUCCESS method=ParallelTest.test(java.lang.String, java.lang.String, java.lang.String, java.lang.reflect.Method)[pri:0, instance:com.lambdatest.Tests.ParallelTest@18be83e4] output={null}]]]>
              </value>
            </param>
          </params>
          <reporter-output>
          </reporter-output>
        </test-method> <!-- tearDown -->
      </class> <!-- com.lambdatest.Tests.ParallelTest -->
    </test> <!-- Default test -->
  </suite> <!-- Default suite -->
</testng-results>
